2024-11-29T09:00:09.287+05:30  INFO 3060 --- [CRUDapp] [main] com.crud.crudapp.CRUDApplication         : Starting CRUDApplication using Java 21.0.4 with PID 3060 (D:\Saikumar\Desktop\Java PDF Notes\CRUDapp\target\classes started by Saikumar in D:\Saikumar\Desktop\Java PDF Notes\CRUDapp)
2024-11-29T09:00:09.307+05:30  INFO 3060 --- [CRUDapp] [main] com.crud.crudapp.CRUDApplication         : No active profile set, falling back to 1 default profile: "default"
2024-11-29T09:00:10.753+05:30  INFO 3060 --- [CRUDapp] [main] .s.d.r.c.RepositoryConfigurationDelegate : Multiple Spring Data modules found, entering strict repository configuration mode
2024-11-29T09:00:10.754+05:30  INFO 3060 --- [CRUDapp] [main] .s.d.r.c.RepositoryConfigurationDelegate : Bootstrapping Spring Data JDBC repositories in DEFAULT mode.
2024-11-29T09:00:10.807+05:30  INFO 3060 --- [CRUDapp] [main] .RepositoryConfigurationExtensionSupport : Spring Data JDBC - Could not safely identify store assignment for repository candidate interface com.crud.crudapp.CatFactEntity.CatFactRepository; If you want this repository to be a JDBC repository, consider annotating your entities with one of these annotations: org.springframework.data.relational.core.mapping.Table.
2024-11-29T09:00:10.810+05:30  INFO 3060 --- [CRUDapp] [main] .RepositoryConfigurationExtensionSupport : Spring Data JDBC - Could not safely identify store assignment for repository candidate interface com.crud.crudapp.Customer.CustomerRepository; If you want this repository to be a JDBC repository, consider annotating your entities with one of these annotations: org.springframework.data.relational.core.mapping.Table.
2024-11-29T09:00:10.811+05:30  INFO 3060 --- [CRUDapp] [main] .RepositoryConfigurationExtensionSupport : Spring Data JDBC - Could not safely identify store assignment for repository candidate interface com.crud.crudapp.Order.OrderRepository; If you want this repository to be a JDBC repository, consider annotating your entities with one of these annotations: org.springframework.data.relational.core.mapping.Table.
2024-11-29T09:00:10.813+05:30  INFO 3060 --- [CRUDapp] [main] .RepositoryConfigurationExtensionSupport : Spring Data JDBC - Could not safely identify store assignment for repository candidate interface com.crud.crudapp.Product.ProductRepository; If you want this repository to be a JDBC repository, consider annotating your entities with one of these annotations: org.springframework.data.relational.core.mapping.Table.
2024-11-29T09:00:10.814+05:30  INFO 3060 --- [CRUDapp] [main] .s.d.r.c.RepositoryConfigurationDelegate : Finished Spring Data repository scanning in 54 ms. Found 0 JDBC repository interfaces.
2024-11-29T09:00:10.824+05:30  INFO 3060 --- [CRUDapp] [main] .s.d.r.c.RepositoryConfigurationDelegate : Multiple Spring Data modules found, entering strict repository configuration mode
2024-11-29T09:00:10.826+05:30  INFO 3060 --- [CRUDapp] [main] .s.d.r.c.RepositoryConfigurationDelegate : Bootstrapping Spring Data JPA repositories in DEFAULT mode.
2024-11-29T09:00:10.878+05:30  INFO 3060 --- [CRUDapp] [main] .s.d.r.c.RepositoryConfigurationDelegate : Finished Spring Data repository scanning in 45 ms. Found 4 JPA repository interfaces.
2024-11-29T09:00:12.018+05:30  INFO 3060 --- [CRUDapp] [main] o.s.b.w.embedded.tomcat.TomcatWebServer  : Tomcat initialized with port 8080 (http)
2024-11-29T09:00:12.037+05:30  INFO 3060 --- [CRUDapp] [main] o.apache.catalina.core.StandardService   : Starting service [Tomcat]
2024-11-29T09:00:12.039+05:30  INFO 3060 --- [CRUDapp] [main] o.apache.catalina.core.StandardEngine    : Starting Servlet engine: [Apache Tomcat/10.1.31]
2024-11-29T09:00:12.117+05:30  INFO 3060 --- [CRUDapp] [main] o.a.c.c.C.[Tomcat].[localhost].[/]       : Initializing Spring embedded WebApplicationContext
2024-11-29T09:00:12.118+05:30  INFO 3060 --- [CRUDapp] [main] w.s.c.ServletWebServerApplicationContext : Root WebApplicationContext: initialization completed in 2752 ms
2024-11-29T09:00:12.558+05:30  INFO 3060 --- [CRUDapp] [main] com.zaxxer.hikari.HikariDataSource       : HikariPool-1 - Starting...
2024-11-29T09:00:13.177+05:30  INFO 3060 --- [CRUDapp] [main] com.zaxxer.hikari.pool.HikariPool        : HikariPool-1 - Added connection com.mysql.cj.jdbc.ConnectionImpl@3de88f64
2024-11-29T09:00:13.179+05:30  INFO 3060 --- [CRUDapp] [main] com.zaxxer.hikari.HikariDataSource       : HikariPool-1 - Start completed.
2024-11-29T09:00:13.243+05:30  INFO 3060 --- [CRUDapp] [main] o.hibernate.jpa.internal.util.LogHelper  : HHH000204: Processing PersistenceUnitInfo [name: default]
2024-11-29T09:00:13.358+05:30  INFO 3060 --- [CRUDapp] [main] org.hibernate.Version                    : HHH000412: Hibernate ORM core version 6.5.3.Final
2024-11-29T09:00:13.427+05:30  INFO 3060 --- [CRUDapp] [main] o.h.c.internal.RegionFactoryInitiator    : HHH000026: Second-level cache disabled
2024-11-29T09:00:13.869+05:30  INFO 3060 --- [CRUDapp] [main] o.s.o.j.p.SpringPersistenceUnitInfo      : No LoadTimeWeaver setup: ignoring JPA class transformer
2024-11-29T09:00:15.198+05:30  INFO 3060 --- [CRUDapp] [main] o.h.e.t.j.p.i.JtaPlatformInitiator       : HHH000489: No JTA platform available (set 'hibernate.transaction.jta.platform' to enable JTA platform integration)
2024-11-29T09:00:15.202+05:30  INFO 3060 --- [CRUDapp] [main] j.LocalContainerEntityManagerFactoryBean : Initialized JPA EntityManagerFactory for persistence unit 'default'
2024-11-29T09:00:15.821+05:30  INFO 3060 --- [CRUDapp] [main] o.s.d.j.r.query.QueryEnhancerFactory     : Hibernate is in classpath; If applicable, HQL parser will be used.
2024-11-29T09:00:16.672+05:30  WARN 3060 --- [CRUDapp] [main] JpaBaseConfiguration$JpaWebConfiguration : spring.jpa.open-in-view is enabled by default. Therefore, database queries may be performed during view rendering. Explicitly configure spring.jpa.open-in-view to disable this warning
2024-11-29T09:00:16.731+05:30  INFO 3060 --- [CRUDapp] [main] r$InitializeUserDetailsManagerConfigurer : Global AuthenticationManager configured with UserDetailsService bean with name userDetailsService
2024-11-29T09:00:17.384+05:30  INFO 3060 --- [CRUDapp] [main] o.s.b.a.e.web.EndpointLinksResolver      : Exposing 1 endpoint beneath base path '/actuator'
2024-11-29T09:00:18.523+05:30  INFO 3060 --- [CRUDapp] [main] o.s.b.w.embedded.tomcat.TomcatWebServer  : Tomcat started on port 8080 (http) with context path '/'
2024-11-29T09:00:18.542+05:30  INFO 3060 --- [CRUDapp] [main] com.crud.crudapp.CRUDApplication         : Started CRUDApplication in 9.889 seconds (process running for 11.015)
2024-11-29T09:00:19.132+05:30  INFO 3060 --- [CRUDapp] [RMI TCP Connection(2)-192.168.161.142] o.a.c.c.C.[Tomcat].[localhost].[/]       : Initializing Spring DispatcherServlet 'dispatcherServlet'
2024-11-29T09:00:19.132+05:30  INFO 3060 --- [CRUDapp] [RMI TCP Connection(2)-192.168.161.142] o.s.web.servlet.DispatcherServlet        : Initializing Servlet 'dispatcherServlet'
2024-11-29T09:00:19.135+05:30  INFO 3060 --- [CRUDapp] [RMI TCP Connection(2)-192.168.161.142] o.s.web.servlet.DispatcherServlet        : Completed initialization in 2 ms
2024-11-29T09:00:49.458+05:30  WARN 3060 --- [CRUDapp] [http-nio-8080-exec-1] .w.s.m.s.DefaultHandlerExceptionResolver : Resolved [org.springframework.http.converter.HttpMessageNotReadableException: Required request body is missing: public org.springframework.http.ResponseEntity com.crud.crudapp.Security.SecurityController.login(com.crud.crudapp.Security.LoginRequest)]
2024-11-29T09:05:58.706+05:30  INFO 3060 --- [CRUDapp] [SpringApplicationShutdownHook] j.LocalContainerEntityManagerFactoryBean : Closing JPA EntityManagerFactory for persistence unit 'default'
2024-11-29T09:05:58.709+05:30  INFO 3060 --- [CRUDapp] [SpringApplicationShutdownHook] com.zaxxer.hikari.HikariDataSource       : HikariPool-1 - Shutdown initiated...
2024-11-29T09:05:58.719+05:30  INFO 3060 --- [CRUDapp] [SpringApplicationShutdownHook] com.zaxxer.hikari.HikariDataSource       : HikariPool-1 - Shutdown completed.
2024-11-29T09:22:41.708+05:30  INFO 6016 --- [CRUDapp] [main] com.crud.crudapp.CRUDApplication         : Starting CRUDApplication using Java 21.0.4 with PID 6016 (D:\Saikumar\Desktop\Java PDF Notes\CRUDapp\target\classes started by Saikumar in D:\Saikumar\Desktop\Java PDF Notes\CRUDapp)
2024-11-29T09:22:41.713+05:30  INFO 6016 --- [CRUDapp] [main] com.crud.crudapp.CRUDApplication         : No active profile set, falling back to 1 default profile: "default"
2024-11-29T09:22:43.120+05:30  INFO 6016 --- [CRUDapp] [main] .s.d.r.c.RepositoryConfigurationDelegate : Multiple Spring Data modules found, entering strict repository configuration mode
2024-11-29T09:22:43.121+05:30  INFO 6016 --- [CRUDapp] [main] .s.d.r.c.RepositoryConfigurationDelegate : Bootstrapping Spring Data JDBC repositories in DEFAULT mode.
2024-11-29T09:22:43.169+05:30  INFO 6016 --- [CRUDapp] [main] .RepositoryConfigurationExtensionSupport : Spring Data JDBC - Could not safely identify store assignment for repository candidate interface com.crud.crudapp.CatFactEntity.CatFactRepository; If you want this repository to be a JDBC repository, consider annotating your entities with one of these annotations: org.springframework.data.relational.core.mapping.Table.
2024-11-29T09:22:43.172+05:30  INFO 6016 --- [CRUDapp] [main] .RepositoryConfigurationExtensionSupport : Spring Data JDBC - Could not safely identify store assignment for repository candidate interface com.crud.crudapp.Customer.CustomerRepository; If you want this repository to be a JDBC repository, consider annotating your entities with one of these annotations: org.springframework.data.relational.core.mapping.Table.
2024-11-29T09:22:43.173+05:30  INFO 6016 --- [CRUDapp] [main] .RepositoryConfigurationExtensionSupport : Spring Data JDBC - Could not safely identify store assignment for repository candidate interface com.crud.crudapp.Order.OrderRepository; If you want this repository to be a JDBC repository, consider annotating your entities with one of these annotations: org.springframework.data.relational.core.mapping.Table.
2024-11-29T09:22:43.175+05:30  INFO 6016 --- [CRUDapp] [main] .RepositoryConfigurationExtensionSupport : Spring Data JDBC - Could not safely identify store assignment for repository candidate interface com.crud.crudapp.Product.ProductRepository; If you want this repository to be a JDBC repository, consider annotating your entities with one of these annotations: org.springframework.data.relational.core.mapping.Table.
2024-11-29T09:22:43.175+05:30  INFO 6016 --- [CRUDapp] [main] .s.d.r.c.RepositoryConfigurationDelegate : Finished Spring Data repository scanning in 49 ms. Found 0 JDBC repository interfaces.
2024-11-29T09:22:43.195+05:30  INFO 6016 --- [CRUDapp] [main] .s.d.r.c.RepositoryConfigurationDelegate : Multiple Spring Data modules found, entering strict repository configuration mode
2024-11-29T09:22:43.196+05:30  INFO 6016 --- [CRUDapp] [main] .s.d.r.c.RepositoryConfigurationDelegate : Bootstrapping Spring Data JPA repositories in DEFAULT mode.
2024-11-29T09:22:43.242+05:30  INFO 6016 --- [CRUDapp] [main] .s.d.r.c.RepositoryConfigurationDelegate : Finished Spring Data repository scanning in 42 ms. Found 4 JPA repository interfaces.
2024-11-29T09:22:44.442+05:30  INFO 6016 --- [CRUDapp] [main] o.s.b.w.embedded.tomcat.TomcatWebServer  : Tomcat initialized with port 8080 (http)
2024-11-29T09:22:44.465+05:30  INFO 6016 --- [CRUDapp] [main] o.apache.catalina.core.StandardService   : Starting service [Tomcat]
2024-11-29T09:22:44.466+05:30  INFO 6016 --- [CRUDapp] [main] o.apache.catalina.core.StandardEngine    : Starting Servlet engine: [Apache Tomcat/10.1.31]
2024-11-29T09:22:44.576+05:30  INFO 6016 --- [CRUDapp] [main] o.a.c.c.C.[Tomcat].[localhost].[/]       : Initializing Spring embedded WebApplicationContext
2024-11-29T09:22:44.577+05:30  INFO 6016 --- [CRUDapp] [main] w.s.c.ServletWebServerApplicationContext : Root WebApplicationContext: initialization completed in 2801 ms
2024-11-29T09:22:45.005+05:30  INFO 6016 --- [CRUDapp] [main] com.zaxxer.hikari.HikariDataSource       : HikariPool-1 - Starting...
2024-11-29T09:22:45.506+05:30  INFO 6016 --- [CRUDapp] [main] com.zaxxer.hikari.pool.HikariPool        : HikariPool-1 - Added connection com.mysql.cj.jdbc.ConnectionImpl@4fbe486c
2024-11-29T09:22:45.507+05:30  INFO 6016 --- [CRUDapp] [main] com.zaxxer.hikari.HikariDataSource       : HikariPool-1 - Start completed.
2024-11-29T09:22:45.561+05:30  INFO 6016 --- [CRUDapp] [main] o.hibernate.jpa.internal.util.LogHelper  : HHH000204: Processing PersistenceUnitInfo [name: default]
2024-11-29T09:22:45.649+05:30  INFO 6016 --- [CRUDapp] [main] org.hibernate.Version                    : HHH000412: Hibernate ORM core version 6.5.3.Final
2024-11-29T09:22:45.707+05:30  INFO 6016 --- [CRUDapp] [main] o.h.c.internal.RegionFactoryInitiator    : HHH000026: Second-level cache disabled
2024-11-29T09:22:46.141+05:30  INFO 6016 --- [CRUDapp] [main] o.s.o.j.p.SpringPersistenceUnitInfo      : No LoadTimeWeaver setup: ignoring JPA class transformer
2024-11-29T09:22:47.450+05:30  INFO 6016 --- [CRUDapp] [main] o.h.e.t.j.p.i.JtaPlatformInitiator       : HHH000489: No JTA platform available (set 'hibernate.transaction.jta.platform' to enable JTA platform integration)
2024-11-29T09:22:47.454+05:30  INFO 6016 --- [CRUDapp] [main] j.LocalContainerEntityManagerFactoryBean : Initialized JPA EntityManagerFactory for persistence unit 'default'
2024-11-29T09:22:48.111+05:30  INFO 6016 --- [CRUDapp] [main] o.s.d.j.r.query.QueryEnhancerFactory     : Hibernate is in classpath; If applicable, HQL parser will be used.
2024-11-29T09:22:48.865+05:30  WARN 6016 --- [CRUDapp] [main] JpaBaseConfiguration$JpaWebConfiguration : spring.jpa.open-in-view is enabled by default. Therefore, database queries may be performed during view rendering. Explicitly configure spring.jpa.open-in-view to disable this warning
2024-11-29T09:22:48.917+05:30  INFO 6016 --- [CRUDapp] [main] r$InitializeUserDetailsManagerConfigurer : Global AuthenticationManager configured with UserDetailsService bean with name userDetailsService
2024-11-29T09:22:49.675+05:30  INFO 6016 --- [CRUDapp] [main] o.s.b.a.e.web.EndpointLinksResolver      : Exposing 1 endpoint beneath base path '/actuator'
2024-11-29T09:22:50.823+05:30  INFO 6016 --- [CRUDapp] [main] o.s.b.w.embedded.tomcat.TomcatWebServer  : Tomcat started on port 8080 (http) with context path '/'
2024-11-29T09:22:50.841+05:30  INFO 6016 --- [CRUDapp] [main] com.crud.crudapp.CRUDApplication         : Started CRUDApplication in 9.753 seconds (process running for 10.679)
2024-11-29T09:22:51.243+05:30  INFO 6016 --- [CRUDapp] [RMI TCP Connection(2)-192.168.161.142] o.a.c.c.C.[Tomcat].[localhost].[/]       : Initializing Spring DispatcherServlet 'dispatcherServlet'
2024-11-29T09:22:51.244+05:30  INFO 6016 --- [CRUDapp] [RMI TCP Connection(2)-192.168.161.142] o.s.web.servlet.DispatcherServlet        : Initializing Servlet 'dispatcherServlet'
2024-11-29T09:22:51.247+05:30  INFO 6016 --- [CRUDapp] [RMI TCP Connection(2)-192.168.161.142] o.s.web.servlet.DispatcherServlet        : Completed initialization in 2 ms
2024-11-29T10:00:44.438+05:30  INFO 6016 --- [CRUDapp] [SpringApplicationShutdownHook] j.LocalContainerEntityManagerFactoryBean : Closing JPA EntityManagerFactory for persistence unit 'default'
2024-11-29T10:00:44.452+05:30  INFO 6016 --- [CRUDapp] [SpringApplicationShutdownHook] com.zaxxer.hikari.HikariDataSource       : HikariPool-1 - Shutdown initiated...
2024-11-29T10:00:44.460+05:30  INFO 6016 --- [CRUDapp] [SpringApplicationShutdownHook] com.zaxxer.hikari.HikariDataSource       : HikariPool-1 - Shutdown completed.
2024-11-29T12:23:20.830+05:30  INFO 2056 --- [CRUDapp] [main] com.crud.crudapp.CRUDApplication         : Starting CRUDApplication using Java 21.0.4 with PID 2056 (D:\Saikumar\Desktop\Java PDF Notes\CRUDapp\target\classes started by Saikumar in D:\Saikumar\Desktop\Java PDF Notes\CRUDapp)
2024-11-29T12:23:20.833+05:30  INFO 2056 --- [CRUDapp] [main] com.crud.crudapp.CRUDApplication         : No active profile set, falling back to 1 default profile: "default"
2024-11-29T12:23:22.793+05:30  INFO 2056 --- [CRUDapp] [main] .s.d.r.c.RepositoryConfigurationDelegate : Multiple Spring Data modules found, entering strict repository configuration mode
2024-11-29T12:23:22.795+05:30  INFO 2056 --- [CRUDapp] [main] .s.d.r.c.RepositoryConfigurationDelegate : Bootstrapping Spring Data JDBC repositories in DEFAULT mode.
2024-11-29T12:23:22.854+05:30  INFO 2056 --- [CRUDapp] [main] .RepositoryConfigurationExtensionSupport : Spring Data JDBC - Could not safely identify store assignment for repository candidate interface com.crud.crudapp.CatFactEntity.CatFactRepository; If you want this repository to be a JDBC repository, consider annotating your entities with one of these annotations: org.springframework.data.relational.core.mapping.Table.
2024-11-29T12:23:22.857+05:30  INFO 2056 --- [CRUDapp] [main] .RepositoryConfigurationExtensionSupport : Spring Data JDBC - Could not safely identify store assignment for repository candidate interface com.crud.crudapp.Customer.CustomerRepository; If you want this repository to be a JDBC repository, consider annotating your entities with one of these annotations: org.springframework.data.relational.core.mapping.Table.
2024-11-29T12:23:22.859+05:30  INFO 2056 --- [CRUDapp] [main] .RepositoryConfigurationExtensionSupport : Spring Data JDBC - Could not safely identify store assignment for repository candidate interface com.crud.crudapp.Order.OrderRepository; If you want this repository to be a JDBC repository, consider annotating your entities with one of these annotations: org.springframework.data.relational.core.mapping.Table.
2024-11-29T12:23:22.860+05:30  INFO 2056 --- [CRUDapp] [main] .RepositoryConfigurationExtensionSupport : Spring Data JDBC - Could not safely identify store assignment for repository candidate interface com.crud.crudapp.Product.ProductRepository; If you want this repository to be a JDBC repository, consider annotating your entities with one of these annotations: org.springframework.data.relational.core.mapping.Table.
2024-11-29T12:23:22.862+05:30  INFO 2056 --- [CRUDapp] [main] .RepositoryConfigurationExtensionSupport : Spring Data JDBC - Could not safely identify store assignment for repository candidate interface com.crud.crudapp.Security.CustomUserRepository; If you want this repository to be a JDBC repository, consider annotating your entities with one of these annotations: org.springframework.data.relational.core.mapping.Table.
2024-11-29T12:23:22.863+05:30  INFO 2056 --- [CRUDapp] [main] .s.d.r.c.RepositoryConfigurationDelegate : Finished Spring Data repository scanning in 62 ms. Found 0 JDBC repository interfaces.
2024-11-29T12:23:22.874+05:30  INFO 2056 --- [CRUDapp] [main] .s.d.r.c.RepositoryConfigurationDelegate : Multiple Spring Data modules found, entering strict repository configuration mode
2024-11-29T12:23:22.876+05:30  INFO 2056 --- [CRUDapp] [main] .s.d.r.c.RepositoryConfigurationDelegate : Bootstrapping Spring Data JPA repositories in DEFAULT mode.
2024-11-29T12:23:22.955+05:30  INFO 2056 --- [CRUDapp] [main] .s.d.r.c.RepositoryConfigurationDelegate : Finished Spring Data repository scanning in 74 ms. Found 5 JPA repository interfaces.
2024-11-29T12:23:24.294+05:30  INFO 2056 --- [CRUDapp] [main] o.s.b.w.embedded.tomcat.TomcatWebServer  : Tomcat initialized with port 8080 (http)
2024-11-29T12:23:24.313+05:30  INFO 2056 --- [CRUDapp] [main] o.apache.catalina.core.StandardService   : Starting service [Tomcat]
2024-11-29T12:23:24.314+05:30  INFO 2056 --- [CRUDapp] [main] o.apache.catalina.core.StandardEngine    : Starting Servlet engine: [Apache Tomcat/10.1.31]
2024-11-29T12:23:24.397+05:30  INFO 2056 --- [CRUDapp] [main] o.a.c.c.C.[Tomcat].[localhost].[/]       : Initializing Spring embedded WebApplicationContext
2024-11-29T12:23:24.398+05:30  INFO 2056 --- [CRUDapp] [main] w.s.c.ServletWebServerApplicationContext : Root WebApplicationContext: initialization completed in 3482 ms
2024-11-29T12:23:24.889+05:30  INFO 2056 --- [CRUDapp] [main] com.zaxxer.hikari.HikariDataSource       : HikariPool-1 - Starting...
2024-11-29T12:23:25.606+05:30  INFO 2056 --- [CRUDapp] [main] com.zaxxer.hikari.pool.HikariPool        : HikariPool-1 - Added connection com.mysql.cj.jdbc.ConnectionImpl@4ec0229c
2024-11-29T12:23:25.611+05:30  INFO 2056 --- [CRUDapp] [main] com.zaxxer.hikari.HikariDataSource       : HikariPool-1 - Start completed.
2024-11-29T12:23:25.702+05:30  INFO 2056 --- [CRUDapp] [main] o.hibernate.jpa.internal.util.LogHelper  : HHH000204: Processing PersistenceUnitInfo [name: default]
2024-11-29T12:23:25.850+05:30  INFO 2056 --- [CRUDapp] [main] org.hibernate.Version                    : HHH000412: Hibernate ORM core version 6.5.3.Final
2024-11-29T12:23:25.926+05:30  INFO 2056 --- [CRUDapp] [main] o.h.c.internal.RegionFactoryInitiator    : HHH000026: Second-level cache disabled
2024-11-29T12:23:26.454+05:30  INFO 2056 --- [CRUDapp] [main] o.s.o.j.p.SpringPersistenceUnitInfo      : No LoadTimeWeaver setup: ignoring JPA class transformer
2024-11-29T12:23:28.034+05:30  INFO 2056 --- [CRUDapp] [main] o.h.e.t.j.p.i.JtaPlatformInitiator       : HHH000489: No JTA platform available (set 'hibernate.transaction.jta.platform' to enable JTA platform integration)
2024-11-29T12:23:28.040+05:30  INFO 2056 --- [CRUDapp] [main] j.LocalContainerEntityManagerFactoryBean : Initialized JPA EntityManagerFactory for persistence unit 'default'
2024-11-29T12:23:28.672+05:30  INFO 2056 --- [CRUDapp] [main] o.s.d.j.r.query.QueryEnhancerFactory     : Hibernate is in classpath; If applicable, HQL parser will be used.
2024-11-29T12:23:29.546+05:30  WARN 2056 --- [CRUDapp] [main] JpaBaseConfiguration$JpaWebConfiguration : spring.jpa.open-in-view is enabled by default. Therefore, database queries may be performed during view rendering. Explicitly configure spring.jpa.open-in-view to disable this warning
2024-11-29T12:23:29.638+05:30  INFO 2056 --- [CRUDapp] [main] r$InitializeUserDetailsManagerConfigurer : Global AuthenticationManager configured with UserDetailsService bean with name customeUserDetailsService
2024-11-29T12:23:30.428+05:30  INFO 2056 --- [CRUDapp] [main] o.s.b.a.e.web.EndpointLinksResolver      : Exposing 1 endpoint beneath base path '/actuator'
2024-11-29T12:23:31.448+05:30  INFO 2056 --- [CRUDapp] [main] o.s.b.w.embedded.tomcat.TomcatWebServer  : Tomcat started on port 8080 (http) with context path '/'
2024-11-29T12:23:31.468+05:30  INFO 2056 --- [CRUDapp] [main] com.crud.crudapp.CRUDApplication         : Started CRUDApplication in 11.379 seconds (process running for 12.584)
2024-11-29T12:23:31.935+05:30  INFO 2056 --- [CRUDapp] [RMI TCP Connection(3)-192.168.161.142] o.a.c.c.C.[Tomcat].[localhost].[/]       : Initializing Spring DispatcherServlet 'dispatcherServlet'
2024-11-29T12:23:31.936+05:30  INFO 2056 --- [CRUDapp] [RMI TCP Connection(3)-192.168.161.142] o.s.web.servlet.DispatcherServlet        : Initializing Servlet 'dispatcherServlet'
2024-11-29T12:23:31.939+05:30  INFO 2056 --- [CRUDapp] [RMI TCP Connection(3)-192.168.161.142] o.s.web.servlet.DispatcherServlet        : Completed initialization in 3 ms
2024-11-29T12:38:05.303+05:30  WARN 2056 --- [CRUDapp] [http-nio-8080-exec-6] .w.s.m.s.DefaultHandlerExceptionResolver : Resolved [org.springframework.http.converter.HttpMessageNotReadableException: Required request body is missing: public org.springframework.http.ResponseEntity<java.lang.String> com.crud.crudapp.Security.SecurityController.createNewUser(com.crud.crudapp.Security.LoginRequest)]
2024-11-29T12:41:32.592+05:30  INFO 2056 --- [CRUDapp] [SpringApplicationShutdownHook] j.LocalContainerEntityManagerFactoryBean : Closing JPA EntityManagerFactory for persistence unit 'default'
2024-11-29T12:41:32.596+05:30  INFO 2056 --- [CRUDapp] [SpringApplicationShutdownHook] com.zaxxer.hikari.HikariDataSource       : HikariPool-1 - Shutdown initiated...
2024-11-29T12:41:32.610+05:30  INFO 2056 --- [CRUDapp] [SpringApplicationShutdownHook] com.zaxxer.hikari.HikariDataSource       : HikariPool-1 - Shutdown completed.
